<?xml version="1.0" encoding="UTF-8"?>
<!-- Generated by org.testng.reporters.JUnitReportReporter -->
<testsuite hostname="ManjuVengatesh" failures="0" tests="3" name="org.restapi.restAssured" time="2.454" errors="0" timestamp="2024-06-29T20:40:01 IST" skipped="2">
  <testcase classname="org.restapi.restAssured" name="restAssuredPut" time="2.454"/>
  <testcase classname="org.restapi.restAssured" name="restAssuredGet">
    <skipped/>
  </testcase> <!-- restAssuredGet -->
  <testcase classname="org.restapi.restAssured" name="restAssuredPost">
    <skipped/>
  </testcase> <!-- restAssuredPost -->
</testsuite> <!-- org.restapi.restAssured -->
