<?xml version="1.0" encoding="UTF-8"?>
<!-- Generated by org.testng.reporters.JUnitReportReporter -->
<testsuite hostname="ManjuVengatesh" failures="0" tests="4" name="org.restapi.restAssured" time="2.231" errors="0" timestamp="2024-06-29T21:30:14 IST" skipped="3">
  <testcase classname="org.restapi.restAssured" name="restAssuredPost" time="2.231"/>
  <testcase classname="org.restapi.restAssured" name="AuthenticationBasics">
    <skipped/>
  </testcase> <!-- AuthenticationBasics -->
  <testcase classname="org.restapi.restAssured" name="restAssuredPut">
    <skipped/>
  </testcase> <!-- restAssuredPut -->
  <testcase classname="org.restapi.restAssured" name="restAssuredGet">
    <skipped/>
  </testcase> <!-- restAssuredGet -->
</testsuite> <!-- org.restapi.restAssured -->
